<?xml version="1.0" encoding="UTF-8"?>
<testsuite name="cl.example.demoBCI.service.UserServiceSpec" tests="1" skipped="0" failures="1" errors="0" timestamp="2022-12-09T04:48:00" hostname="C11-QUUPLP1KGFU" time="0.451">
  <properties/>
  <testcase name="UserService crea usuario" classname="cl.example.demoBCI.service.UserServiceSpec" time="0.451">
    <failure message="groovy.lang.GroovyRuntimeException: Could not find matching constructor for: cl.example.demoBCI.dto.PhoneTO()" type="groovy.lang.GroovyRuntimeException">groovy.lang.GroovyRuntimeException: Could not find matching constructor for: cl.example.demoBCI.dto.PhoneTO()
	at cl.example.demoBCI.service.UserServiceSpec.UserService crea usuario(UserServiceSpec.groovy:20)
</failure>
  </testcase>
  <system-out><![CDATA[]]></system-out>
  <system-err><![CDATA[]]></system-err>
</testsuite>
